<?xml version="1.0" encoding="UTF-8" ?>
<testsuite tests="2" failures="0" name="hellocucumber.RunCucumberTest" time="0.166" errors="2" skipped="0">
  <properties>
[...]
</properties>
  <testcase classname="enviar formulario" name="Mostrar mensagem de erro de caracteres especiais" time="0.159">
    <error message="The step &quot;que estou na tela de formulario&quot; is undefined. You can implement it using the snippet(s) below:

@Dado(&quot;que estou na tela de formulario&quot;)
public void que_estou_na_tela_de_formulario() {
    // Write code here that turns the phrase above into concrete actions
    throw new io.cucumber.java.PendingException();
}


Some other steps were also undefined:

@Quando(&quot;eu insiro todas as outras informações no formulario do usuário&quot;)
public void eu_insiro_todas_as_outras_informações_no_formulario_do_usuário() {
    // Write code here that turns the phrase above into concrete actions
    throw new io.cucumber.java.PendingException();
}
@Quando(&quot;eu preencho o nome apenas com caracteres especiais&quot;)
public void eu_preencho_o_nome_apenas_com_caracteres_especiais() {
    // Write code here that turns the phrase above into concrete actions
    throw new io.cucumber.java.PendingException();
}
@Quando(&quot;faço o envio do formulario&quot;)
public void faço_o_envio_do_formulario() {
    // Write code here that turns the phrase above into concrete actions
    throw new io.cucumber.java.PendingException();
}
@Então(&quot;vejo a mensagem de erro {string}&quot;)
public void vejo_a_mensagem_de_erro(String string) {
    // Write code here that turns the phrase above into concrete actions
    throw new io.cucumber.java.PendingException();
}
" type="io.cucumber.junit.UndefinedStepException">io.cucumber.junit.UndefinedStepException: The step &quot;que estou na tela de formulario&quot; is undefined. You can implement it using the snippet(s) below:

@Dado(&quot;que estou na tela de formulario&quot;)
public void que_estou_na_tela_de_formulario() {
    // Write code here that turns the phrase above into concrete actions
    throw new io.cucumber.java.PendingException();
}


Some other steps were also undefined:

@Quando(&quot;eu insiro todas as outras informações no formulario do usuário&quot;)
public void eu_insiro_todas_as_outras_informações_no_formulario_do_usuário() {
    // Write code here that turns the phrase above into concrete actions
    throw new io.cucumber.java.PendingException();
}
@Quando(&quot;eu preencho o nome apenas com caracteres especiais&quot;)
public void eu_preencho_o_nome_apenas_com_caracteres_especiais() {
    // Write code here that turns the phrase above into concrete actions
    throw new io.cucumber.java.PendingException();
}
@Quando(&quot;faço o envio do formulario&quot;)
public void faço_o_envio_do_formulario() {
    // Write code here that turns the phrase above into concrete actions
    throw new io.cucumber.java.PendingException();
}
@Então(&quot;vejo a mensagem de erro {string}&quot;)
public void vejo_a_mensagem_de_erro(String string) {
    // Write code here that turns the phrase above into concrete actions
    throw new io.cucumber.java.PendingException();
}

</error>
    <system-out>
@projetoliferay @enviarformulario @enviarformulariocomcaracteresespeciais
Cenário: Mostrar mensagem de erro de caracteres especiais                       &amp;#27;[90m# hellocucumber/features/Formulario.feature:7&amp;#27;[0m
  &amp;#27;[33mDado &amp;#27;[0m&amp;#27;[33mque estou na tela de formulario&amp;#27;[0m                                          &amp;#27;[90m# null&amp;#27;[0m
  &amp;#27;[36mQuando &amp;#27;[0m&amp;#27;[36meu insiro todas as outras informações no formulario do usuário&amp;#27;[0m         &amp;#27;[90m# null&amp;#27;[0m
  &amp;#27;[36mMas &amp;#27;[0m&amp;#27;[36meu preencho o nome apenas com caracteres especiais&amp;#27;[0m                        &amp;#27;[90m# null&amp;#27;[0m
  &amp;#27;[36mE &amp;#27;[0m&amp;#27;[36mfaço o envio do formulario&amp;#27;[0m                                                  &amp;#27;[90m# null&amp;#27;[0m
  &amp;#27;[36mEntão &amp;#27;[0m&amp;#27;[36mvejo a mensagem de erro &quot;o campo nome nao aceita caracteres especiais.&quot;&amp;#27;[0m &amp;#27;[90m# null&amp;#27;[0m
</system-out>
  </testcase>
  <testcase classname="enviar formulario" name="Mostrar mensagem de erro de numeros" time="0.007">
    <error message="The step &quot;que estou na tela de formulario&quot; is undefined. You can implement it using the snippet(s) below:

@Dado(&quot;que estou na tela de formulario&quot;)
public void que_estou_na_tela_de_formulario() {
    // Write code here that turns the phrase above into concrete actions
    throw new io.cucumber.java.PendingException();
}


Some other steps were also undefined:

@Quando(&quot;eu insiro todas as outras informações no formulario do usuário&quot;)
public void eu_insiro_todas_as_outras_informações_no_formulario_do_usuário() {
    // Write code here that turns the phrase above into concrete actions
    throw new io.cucumber.java.PendingException();
}
@Quando(&quot;eu preencho o nome apenas com numeros&quot;)
public void eu_preencho_o_nome_apenas_com_numeros() {
    // Write code here that turns the phrase above into concrete actions
    throw new io.cucumber.java.PendingException();
}
@Quando(&quot;faço o envio do formulario&quot;)
public void faço_o_envio_do_formulario() {
    // Write code here that turns the phrase above into concrete actions
    throw new io.cucumber.java.PendingException();
}
@Então(&quot;vejo a mensagem de erro {string}&quot;)
public void vejo_a_mensagem_de_erro(String string) {
    // Write code here that turns the phrase above into concrete actions
    throw new io.cucumber.java.PendingException();
}
" type="io.cucumber.junit.UndefinedStepException">io.cucumber.junit.UndefinedStepException: The step &quot;que estou na tela de formulario&quot; is undefined. You can implement it using the snippet(s) below:

@Dado(&quot;que estou na tela de formulario&quot;)
public void que_estou_na_tela_de_formulario() {
    // Write code here that turns the phrase above into concrete actions
    throw new io.cucumber.java.PendingException();
}


Some other steps were also undefined:

@Quando(&quot;eu insiro todas as outras informações no formulario do usuário&quot;)
public void eu_insiro_todas_as_outras_informações_no_formulario_do_usuário() {
    // Write code here that turns the phrase above into concrete actions
    throw new io.cucumber.java.PendingException();
}
@Quando(&quot;eu preencho o nome apenas com numeros&quot;)
public void eu_preencho_o_nome_apenas_com_numeros() {
    // Write code here that turns the phrase above into concrete actions
    throw new io.cucumber.java.PendingException();
}
@Quando(&quot;faço o envio do formulario&quot;)
public void faço_o_envio_do_formulario() {
    // Write code here that turns the phrase above into concrete actions
    throw new io.cucumber.java.PendingException();
}
@Então(&quot;vejo a mensagem de erro {string}&quot;)
public void vejo_a_mensagem_de_erro(String string) {
    // Write code here that turns the phrase above into concrete actions
    throw new io.cucumber.java.PendingException();
}

</error>
    <system-out>
@projetoliferay @enviarformulario @enviarformulariocomnumeros
Cenário: Mostrar mensagem de erro de numeros                            &amp;#27;[90m# hellocucumber/features/Formulario.feature:15&amp;#27;[0m
  &amp;#27;[33mDado &amp;#27;[0m&amp;#27;[33mque estou na tela de formulario&amp;#27;[0m                                  &amp;#27;[90m# null&amp;#27;[0m
  &amp;#27;[36mQuando &amp;#27;[0m&amp;#27;[36meu insiro todas as outras informações no formulario do usuário&amp;#27;[0m &amp;#27;[90m# null&amp;#27;[0m
  &amp;#27;[36mMas &amp;#27;[0m&amp;#27;[36meu preencho o nome apenas com numeros&amp;#27;[0m                             &amp;#27;[90m# null&amp;#27;[0m
  &amp;#27;[36mE &amp;#27;[0m&amp;#27;[36mfaço o envio do formulario&amp;#27;[0m                                          &amp;#27;[90m# null&amp;#27;[0m
  &amp;#27;[36mEntão &amp;#27;[0m&amp;#27;[36mvejo a mensagem de erro &quot;o campo nome nao aceita numeros.&quot;&amp;#27;[0m      &amp;#27;[90m# null&amp;#27;[0m
</system-out>
  </testcase>
</testsuite>